Using pre-set license
Built from '2020.3/staging' branch; Version is '2020.3.21f1 (a38c86f6690f) revision 10718342'; Using compiler version '192528614'; Build Type 'Release'
OS: 'Windows 10 Pro; OS build 19043.1288; Version 2009; 64bit' Language: 'en' Physical Memory: 16300 MB
BatchMode: 1, IsHumanControllingUs: 0, StartBugReporterOnCrash: 0, Is64bit: 1, IsPro: 0

COMMAND LINE ARGUMENTS:
D:\UnityInstall\2020.3.21f1\Editor\Unity.exe
-adb2
-batchMode
-noUpm
-name
AssetImportWorker0
-projectPath
D:/2021/VR2
-logFile
Logs/AssetImportWorker0.log
-srvPort
59728
Successfully changed project path to: D:/2021/VR2
D:/2021/VR2
Using Asset Import Pipeline V2.
Refreshing native plugins compatible for Editor in 86.34 ms, found 11 plugins.
Preloading 1 native plugins for Editor in 0.60 ms.
Initialize engine version: 2020.3.21f1 (a38c86f6690f)
[Subsystems] Discovering subsystems at path D:/UnityInstall/2020.3.21f1/Editor/Data/Resources/UnitySubsystems
[Subsystems] Discovering subsystems at path D:/2021/VR2/Assets
[Subsystems] No descriptors matched for  examples in Assets/MeshingFeaturePlugin/UnitySubsystemsManifest.json.
[Subsystems] No descriptors matched for  inputs in Assets/MeshingFeaturePlugin/UnitySubsystemsManifest.json.
[Subsystems] No descriptors matched for  displays in Assets/MeshingFeaturePlugin/UnitySubsystemsManifest.json.
[Subsystems] 1 'meshings' descriptors matched in Assets/MeshingFeaturePlugin/UnitySubsystemsManifest.json
GfxDevice: creating device client; threaded=0
Direct3D:
    Version:  Direct3D 11.0 [level 11.1]
    Renderer: NVIDIA GeForce GTX 1060 6GB (ID=0x1b83)
    Vendor:   
    VRAM:     6052 MB
    Driver:   27.21.14.5671
Shader 'Oculus/OVRMRCameraFrameLit': fallback shader 'Alpha-Diffuse' not found
Initialize mono
Mono path[0] = 'D:/UnityInstall/2020.3.21f1/Editor/Data/Managed'
Mono path[1] = 'D:/UnityInstall/2020.3.21f1/Editor/Data/MonoBleedingEdge/lib/mono/unityjit'
Mono config path = 'D:/UnityInstall/2020.3.21f1/Editor/Data/MonoBleedingEdge/etc'
Using monoOptions --debugger-agent=transport=dt_socket,embedding=1,server=y,suspend=n,address=127.0.0.1:56856
Begin MonoManager ReloadAssembly
Registering precompiled unity dll's ...
Register platform support module: D:/UnityInstall/2020.3.21f1/Editor/Data/PlaybackEngines/WindowsStandaloneSupport/UnityEditor.WindowsStandalone.Extensions.dll
Registered in 0.001072 seconds.
Native extension for WindowsStandalone target not found
Refreshing native plugins compatible for Editor in 74.89 ms, found 11 plugins.
Preloading 1 native plugins for Editor in 0.03 ms.
Mono: successfully reloaded assembly
- Completed reload, in  1.333 seconds
Domain Reload Profiling:
	ReloadAssembly (1333ms)
		BeginReloadAssembly (41ms)
			ExecutionOrderSort (0ms)
			DisableScriptedObjects (0ms)
			BackupInstance (0ms)
			ReleaseScriptingObjects (0ms)
			CreateAndSetChildDomain (1ms)
		EndReloadAssembly (423ms)
			LoadAssemblies (41ms)
			RebuildTransferFunctionScriptingTraits (0ms)
			SetupTypeCache (136ms)
			ReleaseScriptCaches (0ms)
			RebuildScriptCaches (23ms)
			SetupLoadedEditorAssemblies (178ms)
				LogAssemblyErrors (0ms)
				InitializePlatformSupportModulesInManaged (3ms)
				SetLoadedEditorAssemblies (0ms)
				RefreshPlugins (75ms)
				BeforeProcessingInitializeOnLoad (13ms)
				ProcessInitializeOnLoadAttributes (63ms)
				ProcessInitializeOnLoadMethodAttributes (23ms)
				AfterProcessingInitializeOnLoad (0ms)
				EditorAssembliesLoaded (0ms)
			ExecutionOrderSort2 (0ms)
			AwakeInstancesAfterBackupRestoration (0ms)
Platform modules already initialized, skipping
Registering precompiled user dll's ...
Registered in 0.004987 seconds.
Begin MonoManager ReloadAssembly
Native extension for WindowsStandalone target not found
Refreshing native plugins compatible for Editor in 76.40 ms, found 11 plugins.
Preloading 1 native plugins for Editor in 0.03 ms.
[XR] OculusXRPlugin: registering subsystems
[XR] Unable to register display lifecyle provider: [1]
[XR] Oculus Input lifecycle provider registered.
[XR] Unable to register input lifecyle provider: [1]
[XR] OVRP version 1.65.0
Mono: successfully reloaded assembly
- Completed reload, in  1.160 seconds
Domain Reload Profiling:
	ReloadAssembly (1161ms)
		BeginReloadAssembly (118ms)
			ExecutionOrderSort (0ms)
			DisableScriptedObjects (4ms)
			BackupInstance (0ms)
			ReleaseScriptingObjects (0ms)
			CreateAndSetChildDomain (16ms)
		EndReloadAssembly (995ms)
			LoadAssemblies (76ms)
			RebuildTransferFunctionScriptingTraits (0ms)
			SetupTypeCache (293ms)
			ReleaseScriptCaches (1ms)
			RebuildScriptCaches (56ms)
			SetupLoadedEditorAssemblies (457ms)
				LogAssemblyErrors (0ms)
				InitializePlatformSupportModulesInManaged (3ms)
				SetLoadedEditorAssemblies (0ms)
				RefreshPlugins (76ms)
				BeforeProcessingInitializeOnLoad (71ms)
				ProcessInitializeOnLoadAttributes (291ms)
				ProcessInitializeOnLoadMethodAttributes (12ms)
				AfterProcessingInitializeOnLoad (2ms)
				EditorAssembliesLoaded (0ms)
			ExecutionOrderSort2 (0ms)
			AwakeInstancesAfterBackupRestoration (5ms)
Platform modules already initialized, skipping
========================================================================
Worker process is ready to serve import requests
Shader 'Oculus/OVRMRCameraFrameLit': fallback shader 'Alpha-Diffuse' not found
Launched and connected shader compiler UnityShaderCompiler.exe after 0.06 seconds
Refreshing native plugins compatible for Editor in 1.05 ms, found 11 plugins.
Preloading 1 native plugins for Editor in 0.03 ms.
Unloading 3371 Unused Serialized files (Serialized files now loaded: 0)
System memory in use before: 168.2 MB.
System memory in use after: 168.3 MB.

Unloading 71 unused Assets to reduce memory usage. Loaded Objects now: 3776.
Total: 3.784100 ms (FindLiveObjects: 0.278700 ms CreateObjectMapping: 0.147000 ms MarkObjects: 3.217200 ms  DeleteObjects: 0.140100 ms)

AssetImportParameters requested are different than current active one (requested -> active):
  custom:framework-win-MediaFoundation: 216162199b28c13a410421893ffa2e32 -> 
  custom:video-decoder-ogg-theora: a1e56fd34408186e4bbccfd4996cb3dc -> 
  custom:container-muxer-webm: aa71ff27fc2769a1b78a27578f13a17b -> 
  custom:container-demuxer-webm: 4f35f7cbe854078d1ac9338744f61a02 -> 
  custom:container-demuxer-ogg: 62fdf1f143b41e24485cea50d1cbac27 -> 
  custom:video-encoder-webm-vp8: eb34c28f22e8b96e1ab97ce403110664 -> 
  custom:video-decoder-webm-vp8: 9c59270c3fd7afecdb556c50c9e8de78 -> 
  custom:audio-decoder-ogg-vorbis: bf7c407c2cedff20999df2af8eb42d56 -> 
  custom:audio-encoder-webm-vorbis: bf7c407c2cedff20999df2af8eb42d56 -> 
========================================================================
Received Import Request.
  path: Assets/cup/Glass/Glass.obj
  artifactKey: Guid(e87624242d234dd4a8a1d70b0999bea9) Importer(815301076,1909f56bfc062723c751e8b465ee728b)
Start importing Assets/cup/Glass/Glass.obj using Guid(e87624242d234dd4a8a1d70b0999bea9) Importer(815301076,1909f56bfc062723c751e8b465ee728b)  -> (artifact id: 'ecaf0ef3253d0a11c7fd73b4e6846432') in 0.113276 seconds 
  Import took 0.118200 seconds .

========================================================================
Received Import Request.
  Time since last request: 519.052239 seconds.
  path: Assets/cup/Glass/DefaultMaterial_Roughness.png
  artifactKey: Guid(b16d73ce59e19c340bd74d9aa6d28843) Importer(815301076,1909f56bfc062723c751e8b465ee728b)
Start importing Assets/cup/Glass/DefaultMaterial_Roughness.png using Guid(b16d73ce59e19c340bd74d9aa6d28843) Importer(815301076,1909f56bfc062723c751e8b465ee728b)  -> (artifact id: '7a42f6b8a7bc94eb8f9ed9e61cd552fa') in 0.118856 seconds 
  Import took 0.124584 seconds .

========================================================================
Received Import Request.
  Time since last request: 80.286782 seconds.
  path: Assets/cup/Glass/DefaultMaterial_Base_Color.png
  artifactKey: Guid(006927b2f0d55124b89fd99f20ccdf82) Importer(815301076,1909f56bfc062723c751e8b465ee728b)
Start importing Assets/cup/Glass/DefaultMaterial_Base_Color.png using Guid(006927b2f0d55124b89fd99f20ccdf82) Importer(815301076,1909f56bfc062723c751e8b465ee728b)  -> (artifact id: '85dc8f506f4331de66dfc1589c17ca94') in 0.056943 seconds 
  Import took 0.061488 seconds .

========================================================================
Received Import Request.
  Time since last request: 1.074360 seconds.
  path: Assets/cup/Glass/DefaultMaterial_Height.png
  artifactKey: Guid(48d2f25274ad08a4baf793facc4eb0b7) Importer(815301076,1909f56bfc062723c751e8b465ee728b)
Start importing Assets/cup/Glass/DefaultMaterial_Height.png using Guid(48d2f25274ad08a4baf793facc4eb0b7) Importer(815301076,1909f56bfc062723c751e8b465ee728b)  -> (artifact id: '87538c1c9c9490f9faeb6fefe8d363b7') in 0.052876 seconds 
  Import took 0.057498 seconds .

========================================================================
Received Import Request.
  Time since last request: 0.385597 seconds.
  path: Assets/cup/Glass/DefaultMaterial_Metallic.png
  artifactKey: Guid(4211003a66d797d47a38b26396ef475e) Importer(815301076,1909f56bfc062723c751e8b465ee728b)
Start importing Assets/cup/Glass/DefaultMaterial_Metallic.png using Guid(4211003a66d797d47a38b26396ef475e) Importer(815301076,1909f56bfc062723c751e8b465ee728b)  -> (artifact id: 'fe1e302f31e32242cc1c775ca7445d94') in 0.054359 seconds 
  Import took 0.059239 seconds .

========================================================================
Received Import Request.
  Time since last request: 0.951661 seconds.
  path: Assets/cup/Glass/DefaultMaterial_Normal.png
  artifactKey: Guid(9b87e1f61eb64624089982d1e572dd9b) Importer(815301076,1909f56bfc062723c751e8b465ee728b)
Start importing Assets/cup/Glass/DefaultMaterial_Normal.png using Guid(9b87e1f61eb64624089982d1e572dd9b) Importer(815301076,1909f56bfc062723c751e8b465ee728b)  -> (artifact id: '174f32e64dd7d5dfe21f9d14c24b1922') in 0.051319 seconds 
  Import took 0.057706 seconds .

========================================================================
Received Import Request.
  Time since last request: 0.124979 seconds.
  path: Assets/cup/Glass/DefaultMaterial_Normal_OpenGL.png
  artifactKey: Guid(51e11c080f3b3324dbaab3344beaef0a) Importer(815301076,1909f56bfc062723c751e8b465ee728b)
Start importing Assets/cup/Glass/DefaultMaterial_Normal_OpenGL.png using Guid(51e11c080f3b3324dbaab3344beaef0a) Importer(815301076,1909f56bfc062723c751e8b465ee728b)  -> (artifact id: '047a79d0bda654d14ff765d642e71e52') in 0.053931 seconds 
  Import took 0.060137 seconds .

========================================================================
Received Import Request.
  Time since last request: 0.115109 seconds.
  path: Assets/cup/Glass/DefaultMaterial_Opacity.png
  artifactKey: Guid(be2313838cc493e43b45e4abe06de921) Importer(815301076,1909f56bfc062723c751e8b465ee728b)
Start importing Assets/cup/Glass/DefaultMaterial_Opacity.png using Guid(be2313838cc493e43b45e4abe06de921) Importer(815301076,1909f56bfc062723c751e8b465ee728b)  -> (artifact id: '23f7976e69bc4c9808422c77ef15b0f6') in 0.052598 seconds 
  Import took 0.057193 seconds .

========================================================================
Received Import Request.
  Time since last request: 217.360624 seconds.
  path: Assets/cup/Glass/glass.fbx
  artifactKey: Guid(bb7bcb2cdb4e8804caaffb0f0c752ca5) Importer(815301076,1909f56bfc062723c751e8b465ee728b)
Start importing Assets/cup/Glass/glass.fbx using Guid(bb7bcb2cdb4e8804caaffb0f0c752ca5) Importer(815301076,1909f56bfc062723c751e8b465ee728b)  -> (artifact id: '6d583990d9c3b8973ea72226d325d210') in 0.051384 seconds 
  Import took 0.056993 seconds .

========================================================================
Received Import Request.
  Time since last request: 149.117941 seconds.
  path: Assets/cup/Glass/glass.fbx
  artifactKey: Guid(bb7bcb2cdb4e8804caaffb0f0c752ca5) Importer(815301076,1909f56bfc062723c751e8b465ee728b)
Start importing Assets/cup/Glass/glass.fbx using Guid(bb7bcb2cdb4e8804caaffb0f0c752ca5) Importer(815301076,1909f56bfc062723c751e8b465ee728b)  -> (artifact id: 'e4384098fc8e826c3ebf23e3e5b58cb5') in 0.029610 seconds 
  Import took 0.035522 seconds .

========================================================================
Received Prepare
Registering precompiled user dll's ...
Registered in 0.005207 seconds.
Begin MonoManager ReloadAssembly
Native extension for WindowsStandalone target not found
Refreshing native plugins compatible for Editor in 1.11 ms, found 11 plugins.
Preloading 1 native plugins for Editor in 0.05 ms.
Mono: successfully reloaded assembly
- Completed reload, in  1.081 seconds
Domain Reload Profiling:
	ReloadAssembly (1081ms)
		BeginReloadAssembly (113ms)
			ExecutionOrderSort (0ms)
			DisableScriptedObjects (5ms)
			BackupInstance (0ms)
			ReleaseScriptingObjects (0ms)
			CreateAndSetChildDomain (38ms)
		EndReloadAssembly (912ms)
			LoadAssemblies (81ms)
			RebuildTransferFunctionScriptingTraits (0ms)
			SetupTypeCache (319ms)
			ReleaseScriptCaches (1ms)
			RebuildScriptCaches (39ms)
			SetupLoadedEditorAssemblies (372ms)
				LogAssemblyErrors (0ms)
				InitializePlatformSupportModulesInManaged (4ms)
				SetLoadedEditorAssemblies (1ms)
				RefreshPlugins (1ms)
				BeforeProcessingInitializeOnLoad (68ms)
				ProcessInitializeOnLoadAttributes (286ms)
				ProcessInitializeOnLoadMethodAttributes (10ms)
				AfterProcessingInitializeOnLoad (2ms)
				EditorAssembliesLoaded (0ms)
			ExecutionOrderSort2 (0ms)
			AwakeInstancesAfterBackupRestoration (6ms)
Platform modules already initialized, skipping
Switching build target platform(19) subTarget(0) extendedPlatform(0) -> platform(13) subTarget(524288) extendedPlatform(0)
Shader 'Oculus/OVRMRCameraFrameLit': fallback shader 'Alpha-Diffuse' not found
Refreshing native plugins compatible for Editor in 1.10 ms, found 11 plugins.
Preloading 1 native plugins for Editor in 0.04 ms.
Unloading 3262 Unused Serialized files (Serialized files now loaded: 0)
System memory in use before: 163.3 MB.
System memory in use after: 163.4 MB.

Unloading 64 unused Assets to reduce memory usage. Loaded Objects now: 3824.
Total: 4.466700 ms (FindLiveObjects: 0.554000 ms CreateObjectMapping: 0.421400 ms MarkObjects: 3.370200 ms  DeleteObjects: 0.120000 ms)

AssetImportParameters requested are different than current active one (requested -> active):
  custom:framework-win-MediaFoundation: 216162199b28c13a410421893ffa2e32 -> 
  custom:video-decoder-ogg-theora: a1e56fd34408186e4bbccfd4996cb3dc -> 
  custom:container-muxer-webm: aa71ff27fc2769a1b78a27578f13a17b -> 
  custom:container-demuxer-webm: 4f35f7cbe854078d1ac9338744f61a02 -> 
  custom:container-demuxer-ogg: 62fdf1f143b41e24485cea50d1cbac27 -> 
  custom:video-encoder-webm-vp8: eb34c28f22e8b96e1ab97ce403110664 -> 
  custom:video-decoder-webm-vp8: 9c59270c3fd7afecdb556c50c9e8de78 -> 
  custom:graphics/normal-map-encoding: 01000000000000000000000000000000 -> 02000000000000000000000000000000
  custom:audio-decoder-ogg-vorbis: bf7c407c2cedff20999df2af8eb42d56 -> 
  custom:audio-encoder-webm-vorbis: bf7c407c2cedff20999df2af8eb42d56 -> 
AssetImportWorkerClient::OnTransportError - code=2 error=End of file
